<?xml version="1.0" encoding="UTF-8"?>
<coverage generated="1566284978929" clover="3.2.0">
  <project timestamp="1566284978929" name="All files">
    <metrics statements="9" coveredstatements="9" conditionals="2" coveredconditionals="2" methods="3" coveredmethods="3" elements="14" coveredelements="14" complexity="0" loc="9" ncloc="9" packages="2" files="3" classes="3"/>
    <package name="jest-react">
      <metrics statements="4" coveredstatements="4" conditionals="0" coveredconditionals="0" methods="2" coveredmethods="2"/>
      <file name="a.js" path="/Users/zhouligang/Desktop/jest-react/a.js">
        <metrics statements="2" coveredstatements="2" conditionals="0" coveredconditionals="0" methods="1" coveredmethods="1"/>
        <line num="2" count="1" type="stmt"/>
        <line num="4" count="1" type="stmt"/>
      </file>
      <file name="sum.js" path="/Users/zhouligang/Desktop/jest-react/sum.js">
        <metrics statements="2" coveredstatements="2" conditionals="0" coveredconditionals="0" methods="1" coveredmethods="1"/>
        <line num="2" count="1" type="stmt"/>
        <line num="4" count="1" type="stmt"/>
      </file>
    </package>
    <package name="jest-react.react">
      <metrics statements="5" coveredstatements="5" conditionals="2" coveredconditionals="2" methods="1" coveredmethods="1"/>
      <file name="tab.js" path="/Users/zhouligang/Desktop/jest-react/react/tab.js">
        <metrics statements="5" coveredstatements="5" conditionals="2" coveredconditionals="2" methods="1" coveredmethods="1"/>
        <line num="5" count="1" type="stmt"/>
        <line num="9" count="1503" type="stmt"/>
        <line num="14" count="1505" type="stmt"/>
        <line num="15" count="1505" type="stmt"/>
        <line num="17" count="1505" type="stmt"/>
      </file>
    </package>
  </project>
</coverage>
