{"/Users/zhouligang/Desktop/jest-react/a.js": {"path":"/Users/zhouligang/Desktop/jest-react/a.js","statementMap":{"0":{"start":{"line":2,"column":4},"end":{"line":2,"column":17}},"1":{"start":{"line":4,"column":0},"end":{"line":4,"column":21}}},"fnMap":{"0":{"name":"sum","decl":{"start":{"line":1,"column":9},"end":{"line":1,"column":12}},"loc":{"start":{"line":1,"column":19},"end":{"line":3,"column":1}},"line":1}},"branchMap":{},"s":{"0":1,"1":1},"f":{"0":1},"b":{},"_coverageSchema":"43e27e138ebf9cfc5966b082cf9a028302ed4184","hash":"6c7a8edc107b9ef217826dbe3ca7937e76b965ce"}
,"/Users/zhouligang/Desktop/jest-react/sum.js": {"path":"/Users/zhouligang/Desktop/jest-react/sum.js","statementMap":{"0":{"start":{"line":2,"column":4},"end":{"line":2,"column":17}},"1":{"start":{"line":4,"column":0},"end":{"line":4,"column":21}}},"fnMap":{"0":{"name":"sum","decl":{"start":{"line":1,"column":9},"end":{"line":1,"column":12}},"loc":{"start":{"line":1,"column":19},"end":{"line":3,"column":1}},"line":1}},"branchMap":{},"s":{"0":1,"1":1},"f":{"0":1},"b":{},"_coverageSchema":"43e27e138ebf9cfc5966b082cf9a028302ed4184","hash":"a3bc6e1e6ad1bd762597946e5ca1b4f8285d30de"}
,"/Users/zhouligang/Desktop/jest-react/react/tab.js": {"path":"/Users/zhouligang/Desktop/jest-react/react/tab.js","statementMap":{"0":{"start":{"line":5,"column":26},"end":{"line":7,"column":5}},"1":{"start":{"line":9,"column":12},"end":{"line":11,"column":5}},"2":{"start":{"line":14,"column":28},"end":{"line":14,"column":38}},"3":{"start":{"line":15,"column":37},"end":{"line":15,"column":47}},"4":{"start":{"line":17,"column":8},"end":{"line":27,"column":10}}},"fnMap":{"0":{"name":"(anonymous_0)","decl":{"start":{"line":13,"column":4},"end":{"line":13,"column":5}},"loc":{"start":{"line":13,"column":13},"end":{"line":28,"column":5}},"line":13}},"branchMap":{"0":{"loc":{"start":{"line":22,"column":20},"end":{"line":24,"column":21}},"type":"binary-expr","locations":[{"start":{"line":22,"column":20},"end":{"line":22,"column":27}},{"start":{"line":23,"column":24},"end":{"line":23,"column":62}}],"line":22}},"s":{"0":1,"1":1503,"2":1505,"3":1505,"4":1505},"f":{"0":1505},"b":{"0":[1505,1]},"_coverageSchema":"43e27e138ebf9cfc5966b082cf9a028302ed4184","hash":"89989deab7bfed80c7e0ae806e3f256ea3d39778"}
}
